0 info it worked if it ends with ok
1 verbose cli [ '/usr/bin/nodejs',
1 verbose cli   '/usr/bin/npm',
1 verbose cli   'install',
1 verbose cli   '--save-dev',
1 verbose cli   'babel-preset-stage-0' ]
2 info using npm@3.5.2
3 info using node@v4.2.6
4 silly loadCurrentTree Starting
5 silly install loadCurrentTree
6 silly install readLocalPackageData
7 silly fetchPackageMetaData babel-preset-stage-0
8 silly fetchNamedPackageData babel-preset-stage-0
9 silly mapToRegistry name babel-preset-stage-0
10 silly mapToRegistry using default registry
11 silly mapToRegistry registry https://registry.npmjs.org/
12 silly mapToRegistry uri https://registry.npmjs.org/babel-preset-stage-0
13 verbose request uri https://registry.npmjs.org/babel-preset-stage-0
14 verbose request no auth needed
15 info attempt registry request try #1 at 7:13:53 PM
16 verbose request id 433b535687962d81
17 http request GET https://registry.npmjs.org/babel-preset-stage-0
18 http 200 https://registry.npmjs.org/babel-preset-stage-0
19 verbose headers { server: 'CouchDB/1.5.0 (Erlang OTP/R16B03)',
19 verbose headers   etag: '"EJ9ISG2FAWUWA5DNJP3KPZUYJ"',
19 verbose headers   'content-type': 'application/json',
19 verbose headers   'content-encoding': 'gzip',
19 verbose headers   'cache-control': 'max-age=300',
19 verbose headers   'content-length': '2014',
19 verbose headers   'accept-ranges': 'bytes',
19 verbose headers   date: 'Tue, 23 Aug 2016 13:13:53 GMT',
19 verbose headers   via: '1.1 varnish',
19 verbose headers   age: '258',
19 verbose headers   connection: 'keep-alive',
19 verbose headers   'x-served-by': 'cache-sin6926-SIN',
19 verbose headers   'x-cache': 'HIT',
19 verbose headers   'x-cache-hits': '3',
19 verbose headers   'x-timer': 'S1471958033.854967,VS0,VE0',
19 verbose headers   vary: 'Accept-Encoding' }
20 silly get cb [ 200,
20 silly get   { server: 'CouchDB/1.5.0 (Erlang OTP/R16B03)',
20 silly get     etag: '"EJ9ISG2FAWUWA5DNJP3KPZUYJ"',
20 silly get     'content-type': 'application/json',
20 silly get     'content-encoding': 'gzip',
20 silly get     'cache-control': 'max-age=300',
20 silly get     'content-length': '2014',
20 silly get     'accept-ranges': 'bytes',
20 silly get     date: 'Tue, 23 Aug 2016 13:13:53 GMT',
20 silly get     via: '1.1 varnish',
20 silly get     age: '258',
20 silly get     connection: 'keep-alive',
20 silly get     'x-served-by': 'cache-sin6926-SIN',
20 silly get     'x-cache': 'HIT',
20 silly get     'x-cache-hits': '3',
20 silly get     'x-timer': 'S1471958033.854967,VS0,VE0',
20 silly get     vary: 'Accept-Encoding' } ]
21 verbose get saving babel-preset-stage-0 to /home/mahmud/.npm/registry.npmjs.org/babel-preset-stage-0/.cache.json
22 silly install normalizeTree
23 silly loadCurrentTree Finishing
24 silly loadIdealTree Starting
25 silly install loadIdealTree
26 silly cloneCurrentTree Starting
27 silly install cloneCurrentTreeToIdealTree
28 silly cloneCurrentTree Finishing
29 silly loadShrinkwrap Starting
30 silly install loadShrinkwrap
31 silly loadShrinkwrap Finishing
32 silly loadAllDepsIntoIdealTree Starting
33 silly install loadAllDepsIntoIdealTree
34 silly resolveWithNewModule babel-preset-stage-0@6.5.0 checking installable status
35 silly cache add args [ 'babel-preset-stage-0', null ]
36 verbose cache add spec babel-preset-stage-0
37 silly cache add parsed spec Result {
37 silly cache add   raw: 'babel-preset-stage-0',
37 silly cache add   scope: null,
37 silly cache add   name: 'babel-preset-stage-0',
37 silly cache add   rawSpec: '',
37 silly cache add   spec: 'latest',
37 silly cache add   type: 'tag' }
38 silly addNamed babel-preset-stage-0@latest
39 verbose addNamed "latest" is being treated as a dist-tag for babel-preset-stage-0
40 info addNameTag [ 'babel-preset-stage-0', 'latest' ]
41 silly mapToRegistry name babel-preset-stage-0
42 silly mapToRegistry using default registry
43 silly mapToRegistry registry https://registry.npmjs.org/
44 silly mapToRegistry uri https://registry.npmjs.org/babel-preset-stage-0
45 verbose addNameTag registry:https://registry.npmjs.org/babel-preset-stage-0 not in flight; fetching
46 verbose get https://registry.npmjs.org/babel-preset-stage-0 not expired, no request
47 silly addNameTag next cb for babel-preset-stage-0 with tag latest
48 silly addNamed babel-preset-stage-0@6.5.0
49 verbose addNamed "6.5.0" is a plain semver version for babel-preset-stage-0
50 silly mapToRegistry name babel-preset-stage-0
51 silly mapToRegistry using default registry
52 silly mapToRegistry registry https://registry.npmjs.org/
53 silly mapToRegistry uri https://registry.npmjs.org/babel-preset-stage-0
54 verbose addRemoteTarball https://registry.npmjs.org/babel-preset-stage-0/-/babel-preset-stage-0-6.5.0.tgz not in flight; adding
55 verbose addRemoteTarball [ 'https://registry.npmjs.org/babel-preset-stage-0/-/babel-preset-stage-0-6.5.0.tgz',
55 verbose addRemoteTarball   '8b8479b2077482b8f3dc8f8f5f0c9c79788cde22' ]
56 info retry fetch attempt 1 at 7:13:54 PM
57 info attempt registry request try #1 at 7:13:54 PM
58 http fetch GET https://registry.npmjs.org/babel-preset-stage-0/-/babel-preset-stage-0-6.5.0.tgz
59 http fetch 200 https://registry.npmjs.org/babel-preset-stage-0/-/babel-preset-stage-0-6.5.0.tgz
60 silly fetchAndShaCheck shasum 8b8479b2077482b8f3dc8f8f5f0c9c79788cde22
61 verbose addTmpTarball /tmp/npm-18861-4dfbcf1a/registry.npmjs.org/babel-preset-stage-0/-/babel-preset-stage-0-6.5.0.tgz not in flight; adding
62 verbose addTmpTarball already have metadata; skipping unpack for babel-preset-stage-0@6.5.0
63 silly cache afterAdd babel-preset-stage-0@6.5.0
64 verbose afterAdd /home/mahmud/.npm/babel-preset-stage-0/6.5.0/package/package.json not in flight; writing
65 verbose afterAdd /home/mahmud/.npm/babel-preset-stage-0/6.5.0/package/package.json written
66 silly fetchNamedPackageData babel-plugin-transform-do-expressions
67 silly mapToRegistry name babel-plugin-transform-do-expressions
68 silly mapToRegistry using default registry
69 silly mapToRegistry registry https://registry.npmjs.org/
70 silly mapToRegistry uri https://registry.npmjs.org/babel-plugin-transform-do-expressions
71 silly fetchNamedPackageData babel-plugin-transform-function-bind
72 silly mapToRegistry name babel-plugin-transform-function-bind
73 silly mapToRegistry using default registry
74 silly mapToRegistry registry https://registry.npmjs.org/
75 silly mapToRegistry uri https://registry.npmjs.org/babel-plugin-transform-function-bind
76 silly fetchNamedPackageData babel-preset-stage-1
77 silly mapToRegistry name babel-preset-stage-1
78 silly mapToRegistry using default registry
79 silly mapToRegistry registry https://registry.npmjs.org/
80 silly mapToRegistry uri https://registry.npmjs.org/babel-preset-stage-1
81 verbose request uri https://registry.npmjs.org/babel-plugin-transform-do-expressions
82 verbose request no auth needed
83 info attempt registry request try #1 at 7:13:55 PM
84 http request GET https://registry.npmjs.org/babel-plugin-transform-do-expressions
85 verbose request uri https://registry.npmjs.org/babel-plugin-transform-function-bind
86 verbose request no auth needed
87 info attempt registry request try #1 at 7:13:55 PM
88 http request GET https://registry.npmjs.org/babel-plugin-transform-function-bind
89 verbose request uri https://registry.npmjs.org/babel-preset-stage-1
90 verbose request no auth needed
91 info attempt registry request try #1 at 7:13:55 PM
92 http request GET https://registry.npmjs.org/babel-preset-stage-1
93 http 200 https://registry.npmjs.org/babel-plugin-transform-do-expressions
94 verbose headers { server: 'CouchDB/1.6.1 (Erlang OTP/R16B03)',
94 verbose headers   etag: '"E3YZZ7E857OC319XG7HJI91TQ"',
94 verbose headers   'content-type': 'application/json',
94 verbose headers   'content-encoding': 'gzip',
94 verbose headers   'cache-control': 'max-age=300',
94 verbose headers   'content-length': '2258',
94 verbose headers   'accept-ranges': 'bytes',
94 verbose headers   date: 'Tue, 23 Aug 2016 13:13:56 GMT',
94 verbose headers   via: '1.1 varnish',
94 verbose headers   age: '95',
94 verbose headers   connection: 'keep-alive',
94 verbose headers   'x-served-by': 'cache-sin6924-SIN',
94 verbose headers   'x-cache': 'HIT',
94 verbose headers   'x-cache-hits': '2',
94 verbose headers   'x-timer': 'S1471958036.085913,VS0,VE0',
94 verbose headers   vary: 'Accept-Encoding' }
95 silly get cb [ 200,
95 silly get   { server: 'CouchDB/1.6.1 (Erlang OTP/R16B03)',
95 silly get     etag: '"E3YZZ7E857OC319XG7HJI91TQ"',
95 silly get     'content-type': 'application/json',
95 silly get     'content-encoding': 'gzip',
95 silly get     'cache-control': 'max-age=300',
95 silly get     'content-length': '2258',
95 silly get     'accept-ranges': 'bytes',
95 silly get     date: 'Tue, 23 Aug 2016 13:13:56 GMT',
95 silly get     via: '1.1 varnish',
95 silly get     age: '95',
95 silly get     connection: 'keep-alive',
95 silly get     'x-served-by': 'cache-sin6924-SIN',
95 silly get     'x-cache': 'HIT',
95 silly get     'x-cache-hits': '2',
95 silly get     'x-timer': 'S1471958036.085913,VS0,VE0',
95 silly get     vary: 'Accept-Encoding' } ]
96 verbose get saving babel-plugin-transform-do-expressions to /home/mahmud/.npm/registry.npmjs.org/babel-plugin-transform-do-expressions/.cache.json
97 silly resolveWithNewModule babel-plugin-transform-do-expressions@6.8.0 checking installable status
98 silly cache add args [ 'babel-plugin-transform-do-expressions@^6.3.13', null ]
99 verbose cache add spec babel-plugin-transform-do-expressions@^6.3.13
100 silly cache add parsed spec Result {
100 silly cache add   raw: 'babel-plugin-transform-do-expressions@^6.3.13',
100 silly cache add   scope: null,
100 silly cache add   name: 'babel-plugin-transform-do-expressions',
100 silly cache add   rawSpec: '^6.3.13',
100 silly cache add   spec: '>=6.3.13 <7.0.0',
100 silly cache add   type: 'range' }
101 silly addNamed babel-plugin-transform-do-expressions@>=6.3.13 <7.0.0
102 verbose addNamed ">=6.3.13 <7.0.0" is a valid semver range for babel-plugin-transform-do-expressions
103 silly addNameRange { name: 'babel-plugin-transform-do-expressions',
103 silly addNameRange   range: '>=6.3.13 <7.0.0',
103 silly addNameRange   hasData: false }
104 silly mapToRegistry name babel-plugin-transform-do-expressions
105 silly mapToRegistry using default registry
106 silly mapToRegistry registry https://registry.npmjs.org/
107 silly mapToRegistry uri https://registry.npmjs.org/babel-plugin-transform-do-expressions
108 verbose addNameRange registry:https://registry.npmjs.org/babel-plugin-transform-do-expressions not in flight; fetching
109 verbose get https://registry.npmjs.org/babel-plugin-transform-do-expressions not expired, no request
110 silly addNameRange number 2 { name: 'babel-plugin-transform-do-expressions',
110 silly addNameRange   range: '>=6.3.13 <7.0.0',
110 silly addNameRange   hasData: true }
111 silly addNameRange versions [ 'babel-plugin-transform-do-expressions',
111 silly addNameRange   [ '6.0.2',
111 silly addNameRange     '6.0.14',
111 silly addNameRange     '6.1.4',
111 silly addNameRange     '6.1.5',
111 silly addNameRange     '6.1.10',
111 silly addNameRange     '6.1.17',
111 silly addNameRange     '6.1.18',
111 silly addNameRange     '6.2.4',
111 silly addNameRange     '6.3.13',
111 silly addNameRange     '6.5.0',
111 silly addNameRange     '6.5.0-1',
111 silly addNameRange     '6.8.0' ] ]
112 silly addNamed babel-plugin-transform-do-expressions@6.8.0
113 verbose addNamed "6.8.0" is a plain semver version for babel-plugin-transform-do-expressions
114 silly mapToRegistry name babel-plugin-transform-do-expressions
115 silly mapToRegistry using default registry
116 silly mapToRegistry registry https://registry.npmjs.org/
117 silly mapToRegistry uri https://registry.npmjs.org/babel-plugin-transform-do-expressions
118 verbose addRemoteTarball https://registry.npmjs.org/babel-plugin-transform-do-expressions/-/babel-plugin-transform-do-expressions-6.8.0.tgz not in flight; adding
119 verbose addRemoteTarball [ 'https://registry.npmjs.org/babel-plugin-transform-do-expressions/-/babel-plugin-transform-do-expressions-6.8.0.tgz',
119 verbose addRemoteTarball   'fda692af339835cc255bb7544efb8f7c1306c273' ]
120 info retry fetch attempt 1 at 7:13:56 PM
121 info attempt registry request try #1 at 7:13:56 PM
122 http fetch GET https://registry.npmjs.org/babel-plugin-transform-do-expressions/-/babel-plugin-transform-do-expressions-6.8.0.tgz
123 http 200 https://registry.npmjs.org/babel-preset-stage-1
124 verbose headers { server: 'CouchDB/1.5.0 (Erlang OTP/R16B03)',
124 verbose headers   etag: '"9NPD7JYUT24HSCUNO3OPZXKDF"',
124 verbose headers   'content-type': 'application/json',
124 verbose headers   'content-encoding': 'gzip',
124 verbose headers   'cache-control': 'max-age=300',
124 verbose headers   'content-length': '2178',
124 verbose headers   'accept-ranges': 'bytes',
124 verbose headers   date: 'Tue, 23 Aug 2016 13:13:58 GMT',
124 verbose headers   via: '1.1 varnish',
124 verbose headers   age: '246',
124 verbose headers   connection: 'keep-alive',
124 verbose headers   'x-served-by': 'cache-sin6920-SIN',
124 verbose headers   'x-cache': 'HIT',
124 verbose headers   'x-cache-hits': '2',
124 verbose headers   'x-timer': 'S1471958038.330760,VS0,VE0',
124 verbose headers   vary: 'Accept-Encoding' }
125 silly get cb [ 200,
125 silly get   { server: 'CouchDB/1.5.0 (Erlang OTP/R16B03)',
125 silly get     etag: '"9NPD7JYUT24HSCUNO3OPZXKDF"',
125 silly get     'content-type': 'application/json',
125 silly get     'content-encoding': 'gzip',
125 silly get     'cache-control': 'max-age=300',
125 silly get     'content-length': '2178',
125 silly get     'accept-ranges': 'bytes',
125 silly get     date: 'Tue, 23 Aug 2016 13:13:58 GMT',
125 silly get     via: '1.1 varnish',
125 silly get     age: '246',
125 silly get     connection: 'keep-alive',
125 silly get     'x-served-by': 'cache-sin6920-SIN',
125 silly get     'x-cache': 'HIT',
125 silly get     'x-cache-hits': '2',
125 silly get     'x-timer': 'S1471958038.330760,VS0,VE0',
125 silly get     vary: 'Accept-Encoding' } ]
126 verbose get saving babel-preset-stage-1 to /home/mahmud/.npm/registry.npmjs.org/babel-preset-stage-1/.cache.json
127 silly resolveWithNewModule babel-preset-stage-1@6.13.0 checking installable status
128 silly cache add args [ 'babel-preset-stage-1@^6.3.13', null ]
129 verbose cache add spec babel-preset-stage-1@^6.3.13
130 silly cache add parsed spec Result {
130 silly cache add   raw: 'babel-preset-stage-1@^6.3.13',
130 silly cache add   scope: null,
130 silly cache add   name: 'babel-preset-stage-1',
130 silly cache add   rawSpec: '^6.3.13',
130 silly cache add   spec: '>=6.3.13 <7.0.0',
130 silly cache add   type: 'range' }
131 silly addNamed babel-preset-stage-1@>=6.3.13 <7.0.0
132 verbose addNamed ">=6.3.13 <7.0.0" is a valid semver range for babel-preset-stage-1
133 silly addNameRange { name: 'babel-preset-stage-1',
133 silly addNameRange   range: '>=6.3.13 <7.0.0',
133 silly addNameRange   hasData: false }
134 silly mapToRegistry name babel-preset-stage-1
135 silly mapToRegistry using default registry
136 silly mapToRegistry registry https://registry.npmjs.org/
137 silly mapToRegistry uri https://registry.npmjs.org/babel-preset-stage-1
138 verbose addNameRange registry:https://registry.npmjs.org/babel-preset-stage-1 not in flight; fetching
139 verbose get https://registry.npmjs.org/babel-preset-stage-1 not expired, no request
140 silly addNameRange number 2 { name: 'babel-preset-stage-1',
140 silly addNameRange   range: '>=6.3.13 <7.0.0',
140 silly addNameRange   hasData: true }
141 silly addNameRange versions [ 'babel-preset-stage-1',
141 silly addNameRange   [ '6.0.14',
141 silly addNameRange     '6.0.15',
141 silly addNameRange     '6.1.2',
141 silly addNameRange     '6.1.17',
141 silly addNameRange     '6.1.18',
141 silly addNameRange     '6.2.4',
141 silly addNameRange     '6.3.13',
141 silly addNameRange     '6.5.0',
141 silly addNameRange     '6.5.0-1',
141 silly addNameRange     '6.13.0' ] ]
142 silly addNamed babel-preset-stage-1@6.13.0
143 verbose addNamed "6.13.0" is a plain semver version for babel-preset-stage-1
144 silly mapToRegistry name babel-preset-stage-1
145 silly mapToRegistry using default registry
146 silly mapToRegistry registry https://registry.npmjs.org/
147 silly mapToRegistry uri https://registry.npmjs.org/babel-preset-stage-1
148 verbose addRemoteTarball https://registry.npmjs.org/babel-preset-stage-1/-/babel-preset-stage-1-6.13.0.tgz not in flight; adding
149 verbose addRemoteTarball [ 'https://registry.npmjs.org/babel-preset-stage-1/-/babel-preset-stage-1-6.13.0.tgz',
149 verbose addRemoteTarball   '51bf411fa6c4d629fb6ca5e1baf272af648850cc' ]
150 info retry fetch attempt 1 at 7:13:58 PM
151 info attempt registry request try #1 at 7:13:58 PM
152 http fetch GET https://registry.npmjs.org/babel-preset-stage-1/-/babel-preset-stage-1-6.13.0.tgz
153 http 200 https://registry.npmjs.org/babel-plugin-transform-function-bind
154 verbose headers { server: 'CouchDB/1.5.0 (Erlang OTP/R16B03)',
154 verbose headers   etag: '"5Y0289I3JOTY247FVCUDWTAR9"',
154 verbose headers   'content-type': 'application/json',
154 verbose headers   'content-encoding': 'gzip',
154 verbose headers   'cache-control': 'max-age=300',
154 verbose headers   'content-length': '2192',
154 verbose headers   'accept-ranges': 'bytes',
154 verbose headers   date: 'Tue, 23 Aug 2016 13:13:58 GMT',
154 verbose headers   via: '1.1 varnish',
154 verbose headers   age: '98',
154 verbose headers   connection: 'keep-alive',
154 verbose headers   'x-served-by': 'cache-sin6920-SIN',
154 verbose headers   'x-cache': 'HIT',
154 verbose headers   'x-cache-hits': '1',
154 verbose headers   'x-timer': 'S1471958038.740272,VS0,VE150',
154 verbose headers   vary: 'Accept-Encoding' }
155 silly get cb [ 200,
155 silly get   { server: 'CouchDB/1.5.0 (Erlang OTP/R16B03)',
155 silly get     etag: '"5Y0289I3JOTY247FVCUDWTAR9"',
155 silly get     'content-type': 'application/json',
155 silly get     'content-encoding': 'gzip',
155 silly get     'cache-control': 'max-age=300',
155 silly get     'content-length': '2192',
155 silly get     'accept-ranges': 'bytes',
155 silly get     date: 'Tue, 23 Aug 2016 13:13:58 GMT',
155 silly get     via: '1.1 varnish',
155 silly get     age: '98',
155 silly get     connection: 'keep-alive',
155 silly get     'x-served-by': 'cache-sin6920-SIN',
155 silly get     'x-cache': 'HIT',
155 silly get     'x-cache-hits': '1',
155 silly get     'x-timer': 'S1471958038.740272,VS0,VE150',
155 silly get     vary: 'Accept-Encoding' } ]
156 verbose get saving babel-plugin-transform-function-bind to /home/mahmud/.npm/registry.npmjs.org/babel-plugin-transform-function-bind/.cache.json
157 silly resolveWithNewModule babel-plugin-transform-function-bind@6.8.0 checking installable status
158 silly cache add args [ 'babel-plugin-transform-function-bind@^6.3.13', null ]
159 verbose cache add spec babel-plugin-transform-function-bind@^6.3.13
160 silly cache add parsed spec Result {
160 silly cache add   raw: 'babel-plugin-transform-function-bind@^6.3.13',
160 silly cache add   scope: null,
160 silly cache add   name: 'babel-plugin-transform-function-bind',
160 silly cache add   rawSpec: '^6.3.13',
160 silly cache add   spec: '>=6.3.13 <7.0.0',
160 silly cache add   type: 'range' }
161 silly addNamed babel-plugin-transform-function-bind@>=6.3.13 <7.0.0
162 verbose addNamed ">=6.3.13 <7.0.0" is a valid semver range for babel-plugin-transform-function-bind
163 silly addNameRange { name: 'babel-plugin-transform-function-bind',
163 silly addNameRange   range: '>=6.3.13 <7.0.0',
163 silly addNameRange   hasData: false }
164 silly mapToRegistry name babel-plugin-transform-function-bind
165 silly mapToRegistry using default registry
166 silly mapToRegistry registry https://registry.npmjs.org/
167 silly mapToRegistry uri https://registry.npmjs.org/babel-plugin-transform-function-bind
168 verbose addNameRange registry:https://registry.npmjs.org/babel-plugin-transform-function-bind not in flight; fetching
169 verbose get https://registry.npmjs.org/babel-plugin-transform-function-bind not expired, no request
170 silly addNameRange number 2 { name: 'babel-plugin-transform-function-bind',
170 silly addNameRange   range: '>=6.3.13 <7.0.0',
170 silly addNameRange   hasData: true }
171 silly addNameRange versions [ 'babel-plugin-transform-function-bind',
171 silly addNameRange   [ '6.0.2',
171 silly addNameRange     '6.0.14',
171 silly addNameRange     '6.1.4',
171 silly addNameRange     '6.1.17',
171 silly addNameRange     '6.1.18',
171 silly addNameRange     '6.2.4',
171 silly addNameRange     '6.3.13',
171 silly addNameRange     '6.5.0',
171 silly addNameRange     '6.5.0-1',
171 silly addNameRange     '6.5.2',
171 silly addNameRange     '6.8.0' ] ]
172 silly addNamed babel-plugin-transform-function-bind@6.8.0
173 verbose addNamed "6.8.0" is a plain semver version for babel-plugin-transform-function-bind
174 silly mapToRegistry name babel-plugin-transform-function-bind
175 silly mapToRegistry using default registry
176 silly mapToRegistry registry https://registry.npmjs.org/
177 silly mapToRegistry uri https://registry.npmjs.org/babel-plugin-transform-function-bind
178 verbose addRemoteTarball https://registry.npmjs.org/babel-plugin-transform-function-bind/-/babel-plugin-transform-function-bind-6.8.0.tgz not in flight; adding
179 verbose addRemoteTarball [ 'https://registry.npmjs.org/babel-plugin-transform-function-bind/-/babel-plugin-transform-function-bind-6.8.0.tgz',
179 verbose addRemoteTarball   'e7f334ce69f50d28fe850a822eaaab9fa4f4d821' ]
180 info retry fetch attempt 1 at 7:13:58 PM
181 info attempt registry request try #1 at 7:13:58 PM
182 http fetch GET https://registry.npmjs.org/babel-plugin-transform-function-bind/-/babel-plugin-transform-function-bind-6.8.0.tgz
183 http fetch 200 https://registry.npmjs.org/babel-plugin-transform-function-bind/-/babel-plugin-transform-function-bind-6.8.0.tgz
184 silly fetchAndShaCheck shasum e7f334ce69f50d28fe850a822eaaab9fa4f4d821
185 verbose addTmpTarball /tmp/npm-18861-4dfbcf1a/registry.npmjs.org/babel-plugin-transform-function-bind/-/babel-plugin-transform-function-bind-6.8.0.tgz not in flight; adding
186 verbose addTmpTarball already have metadata; skipping unpack for babel-plugin-transform-function-bind@6.8.0
187 silly cache afterAdd babel-plugin-transform-function-bind@6.8.0
188 verbose afterAdd /home/mahmud/.npm/babel-plugin-transform-function-bind/6.8.0/package/package.json not in flight; writing
189 verbose afterAdd /home/mahmud/.npm/babel-plugin-transform-function-bind/6.8.0/package/package.json written
190 http fetch 200 https://registry.npmjs.org/babel-preset-stage-1/-/babel-preset-stage-1-6.13.0.tgz
191 silly fetchAndShaCheck shasum 51bf411fa6c4d629fb6ca5e1baf272af648850cc
192 verbose addTmpTarball /tmp/npm-18861-4dfbcf1a/registry.npmjs.org/babel-preset-stage-1/-/babel-preset-stage-1-6.13.0.tgz not in flight; adding
193 verbose addTmpTarball already have metadata; skipping unpack for babel-preset-stage-1@6.13.0
194 silly cache afterAdd babel-preset-stage-1@6.13.0
195 verbose afterAdd /home/mahmud/.npm/babel-preset-stage-1/6.13.0/package/package.json not in flight; writing
196 verbose afterAdd /home/mahmud/.npm/babel-preset-stage-1/6.13.0/package/package.json written
197 http fetch 200 https://registry.npmjs.org/babel-plugin-transform-do-expressions/-/babel-plugin-transform-do-expressions-6.8.0.tgz
198 silly fetchAndShaCheck shasum fda692af339835cc255bb7544efb8f7c1306c273
199 verbose addTmpTarball /tmp/npm-18861-4dfbcf1a/registry.npmjs.org/babel-plugin-transform-do-expressions/-/babel-plugin-transform-do-expressions-6.8.0.tgz not in flight; adding
200 verbose addTmpTarball already have metadata; skipping unpack for babel-plugin-transform-do-expressions@6.8.0
201 silly cache afterAdd babel-plugin-transform-do-expressions@6.8.0
202 verbose afterAdd /home/mahmud/.npm/babel-plugin-transform-do-expressions/6.8.0/package/package.json not in flight; writing
203 verbose afterAdd /home/mahmud/.npm/babel-plugin-transform-do-expressions/6.8.0/package/package.json written
204 silly fetchNamedPackageData babel-plugin-syntax-do-expressions
205 silly mapToRegistry name babel-plugin-syntax-do-expressions
206 silly mapToRegistry using default registry
207 silly mapToRegistry registry https://registry.npmjs.org/
208 silly mapToRegistry uri https://registry.npmjs.org/babel-plugin-syntax-do-expressions
209 verbose request uri https://registry.npmjs.org/babel-plugin-syntax-do-expressions
210 verbose request no auth needed
211 info attempt registry request try #1 at 7:14:07 PM
212 http request GET https://registry.npmjs.org/babel-plugin-syntax-do-expressions
213 verbose stack Error: read ECONNRESET
213 verbose stack     at exports._errnoException (util.js:870:11)
213 verbose stack     at TLSWrap.onread (net.js:544:26)
214 verbose cwd /home/mahmud/Desktop/ReactBoilerplate
215 error Linux 3.19.0-59-generic
216 error argv "/usr/bin/nodejs" "/usr/bin/npm" "install" "--save-dev" "babel-preset-stage-0"
217 error node v4.2.6
218 error npm  v3.5.2
219 error code ECONNRESET
220 error errno ECONNRESET
221 error syscall read
222 error network read ECONNRESET
223 error network This is most likely not a problem with npm itself
223 error network and is related to network connectivity.
223 error network In most cases you are behind a proxy or have bad network settings.
223 error network
223 error network If you are behind a proxy, please make sure that the
223 error network 'proxy' config is set properly.  See: 'npm help config'
224 verbose exit [ 1, true ]
